===== EvoKAN scaled run @ 20260616_215036 =====
torch 2.5.1+cu121 cuda True
SEEDS=20 NODES=24 SLOTS=30 PASSES=5 SAMP=160 CSI=0.0
---- smoke + tests ----
=== EvoKAN smoke test (LEO EE power-opt surrogate, CPU) ===

[fedkan_opt]  (3.8s)
   avg_gap      = 0.18105709949561577
   final_gap    = 0.11188486513602662
   final_nmse   = 1.6165917436170514
   forgetting   = 1.6030691130899928
   total_bits   = 309248.0
   final_grid   = 4
   params       = 256
   rule_fidelity (mean R2) = 0.948

[kan_full]  (2.6s)
   avg_gap      = 0.13149561817436997
   final_gap    = 0.17939121716569673
   final_nmse   = 1.1156940650262748
   forgetting   = 1.4544399070818521
   total_bits   = 557056.0
   final_grid   = 4
   params       = 256
   rule_fidelity (mean R2) = 0.699

[mlp]  (0.4s)
   avg_gap      = 0.1793263693587001
   final_gap    = 0.053320894360782585
   final_nmse   = 0.446267043445413
   forgetting   = 1.3161020854018157
   total_bits   = 567936.0
   final_grid   = 0
   params       = 261

SMOKE PASS
.....                                                                    [100%]
5 passed in 6.79s
---- [1/3] headline (scaled, multi-seed) ----
[1/120] running fedkan_opt seed=0 ...
   fedkan_opt/s0 slot 39/170  nmse=0.225
   fedkan_opt/s0 slot 79/170  nmse=0.070
   fedkan_opt/s0 slot 119/170  nmse=0.051
   fedkan_opt/s0 slot 159/170  nmse=0.041
[1/120] fedkan_opt   s0 nmse=0.0495 gap=0.0292 bits=1.70e+07 ruleR2=0.7697 (161.1s)
[2/120] running fedkan_opt seed=1 ...
   fedkan_opt/s1 slot 39/170  nmse=0.194
   fedkan_opt/s1 slot 79/170  nmse=0.042
   fedkan_opt/s1 slot 119/170  nmse=0.032
   fedkan_opt/s1 slot 159/170  nmse=0.037
[2/120] fedkan_opt   s1 nmse=0.0353 gap=0.0234 bits=1.72e+07 ruleR2=0.8016 (167.5s)
[3/120] running fedkan_opt seed=2 ...
   fedkan_opt/s2 slot 39/170  nmse=0.071
   fedkan_opt/s2 slot 79/170  nmse=0.038
   fedkan_opt/s2 slot 119/170  nmse=0.044
   fedkan_opt/s2 slot 159/170  nmse=0.037
[3/120] fedkan_opt   s2 nmse=0.0860 gap=0.0246 bits=1.62e+07 ruleR2=0.7223 (155.8s)
[4/120] running fedkan_opt seed=3 ...
   fedkan_opt/s3 slot 39/170  nmse=0.096
   fedkan_opt/s3 slot 79/170  nmse=0.047
   fedkan_opt/s3 slot 119/170  nmse=0.050
   fedkan_opt/s3 slot 159/170  nmse=0.054
[4/120] fedkan_opt   s3 nmse=0.0630 gap=0.0096 bits=1.73e+07 ruleR2=0.7515 (151.8s)
[5/120] running fedkan_opt seed=4 ...
   fedkan_opt/s4 slot 39/170  nmse=0.241
   fedkan_opt/s4 slot 79/170  nmse=0.060
   fedkan_opt/s4 slot 119/170  nmse=0.043
   fedkan_opt/s4 slot 159/170  nmse=0.037
[5/120] fedkan_opt   s4 nmse=0.0449 gap=0.0242 bits=1.68e+07 ruleR2=0.5746 (155.9s)
[6/120] running fedkan_opt seed=5 ...
   fedkan_opt/s5 slot 39/170  nmse=0.130
   fedkan_opt/s5 slot 79/170  nmse=0.087
   fedkan_opt/s5 slot 119/170  nmse=0.057
   fedkan_opt/s5 slot 159/170  nmse=0.057
[6/120] fedkan_opt   s5 nmse=0.0687 gap=0.0195 bits=1.56e+07 ruleR2=0.8172 (154.4s)
[7/120] running fedkan_opt seed=6 ...
   fedkan_opt/s6 slot 39/170  nmse=0.192
   fedkan_opt/s6 slot 79/170  nmse=0.044
   fedkan_opt/s6 slot 119/170  nmse=0.044
   fedkan_opt/s6 slot 159/170  nmse=0.042
[7/120] fedkan_opt   s6 nmse=0.0449 gap=0.0235 bits=1.71e+07 ruleR2=0.8724 (152.6s)
[8/120] running fedkan_opt seed=7 ...
   fedkan_opt/s7 slot 39/170  nmse=0.065
   fedkan_opt/s7 slot 79/170  nmse=0.054
   fedkan_opt/s7 slot 119/170  nmse=0.048
   fedkan_opt/s7 slot 159/170  nmse=0.079
[8/120] fedkan_opt   s7 nmse=0.0636 gap=0.0122 bits=1.60e+07 ruleR2=0.8858 (163.4s)
[9/120] running fedkan_opt seed=8 ...
   fedkan_opt/s8 slot 39/170  nmse=0.098
   fedkan_opt/s8 slot 79/170  nmse=0.041
   fedkan_opt/s8 slot 119/170  nmse=0.034
   fedkan_opt/s8 slot 159/170  nmse=0.035
[9/120] fedkan_opt   s8 nmse=0.0353 gap=0.0187 bits=1.62e+07 ruleR2=0.6839 (153.4s)
[10/120] running fedkan_opt seed=9 ...
   fedkan_opt/s9 slot 39/170  nmse=0.165
   fedkan_opt/s9 slot 79/170  nmse=0.070
   fedkan_opt/s9 slot 119/170  nmse=0.072
   fedkan_opt/s9 slot 159/170  nmse=0.065
[10/120] fedkan_opt   s9 nmse=0.0671 gap=0.0335 bits=1.65e+07 ruleR2=0.7662 (152.4s)
[11/120] running fedkan_opt seed=10 ...
   fedkan_opt/s10 slot 39/170  nmse=0.334
   fedkan_opt/s10 slot 79/170  nmse=0.083
   fedkan_opt/s10 slot 119/170  nmse=0.049
   fedkan_opt/s10 slot 159/170  nmse=0.044
[11/120] fedkan_opt   s10 nmse=0.0471 gap=0.0254 bits=1.76e+07 ruleR2=0.7841 (152.5s)
[12/120] running fedkan_opt seed=11 ...
   fedkan_opt/s11 slot 39/170  nmse=0.100
   fedkan_opt/s11 slot 79/170  nmse=0.058
   fedkan_opt/s11 slot 119/170  nmse=0.039
   fedkan_opt/s11 slot 159/170  nmse=0.044
[12/120] fedkan_opt   s11 nmse=0.0396 gap=0.0078 bits=1.69e+07 ruleR2=0.8784 (154.2s)
[13/120] running fedkan_opt seed=12 ...
   fedkan_opt/s12 slot 39/170  nmse=0.481
   fedkan_opt/s12 slot 79/170  nmse=0.117
   fedkan_opt/s12 slot 119/170  nmse=0.050
   fedkan_opt/s12 slot 159/170  nmse=0.043
[13/120] fedkan_opt   s12 nmse=0.0430 gap=0.0267 bits=1.65e+07 ruleR2=0.7919 (154.4s)
[14/120] running fedkan_opt seed=13 ...
   fedkan_opt/s13 slot 39/170  nmse=0.078
   fedkan_opt/s13 slot 79/170  nmse=0.048
   fedkan_opt/s13 slot 119/170  nmse=0.044
   fedkan_opt/s13 slot 159/170  nmse=0.045
[14/120] fedkan_opt   s13 nmse=0.0445 gap=0.0173 bits=1.66e+07 ruleR2=0.7557 (160.7s)
[15/120] running fedkan_opt seed=14 ...
   fedkan_opt/s14 slot 39/170  nmse=0.137
   fedkan_opt/s14 slot 79/170  nmse=0.093
   fedkan_opt/s14 slot 119/170  nmse=0.078
   fedkan_opt/s14 slot 159/170  nmse=0.073
[15/120] fedkan_opt   s14 nmse=0.0607 gap=0.0175 bits=1.74e+07 ruleR2=0.7186 (160.0s)
[16/120] running fedkan_opt seed=15 ...
   fedkan_opt/s15 slot 39/170  nmse=0.093
   fedkan_opt/s15 slot 79/170  nmse=0.050
   fedkan_opt/s15 slot 119/170  nmse=0.045
   fedkan_opt/s15 slot 159/170  nmse=0.047
[16/120] fedkan_opt   s15 nmse=0.0460 gap=0.0177 bits=1.53e+07 ruleR2=0.8561 (158.8s)
[17/120] running fedkan_opt seed=16 ...
   fedkan_opt/s16 slot 39/170  nmse=0.082
   fedkan_opt/s16 slot 79/170  nmse=0.045
   fedkan_opt/s16 slot 119/170  nmse=0.065
   fedkan_opt/s16 slot 159/170  nmse=0.058
[17/120] fedkan_opt   s16 nmse=0.0618 gap=0.0188 bits=1.68e+07 ruleR2=0.7918 (162.8s)
[18/120] running fedkan_opt seed=17 ...
   fedkan_opt/s17 slot 39/170  nmse=0.120
   fedkan_opt/s17 slot 79/170  nmse=0.056
   fedkan_opt/s17 slot 119/170  nmse=0.047
   fedkan_opt/s17 slot 159/170  nmse=0.044
[18/120] fedkan_opt   s17 nmse=0.0482 gap=0.0151 bits=1.59e+07 ruleR2=0.8486 (152.2s)
[19/120] running fedkan_opt seed=18 ...
   fedkan_opt/s18 slot 39/170  nmse=0.218
   fedkan_opt/s18 slot 79/170  nmse=0.080
   fedkan_opt/s18 slot 119/170  nmse=0.062
   fedkan_opt/s18 slot 159/170  nmse=0.053
[19/120] fedkan_opt   s18 nmse=0.0450 gap=0.0226 bits=1.68e+07 ruleR2=0.8495 (151.5s)
[20/120] running fedkan_opt seed=19 ...
   fedkan_opt/s19 slot 39/170  nmse=0.159
   fedkan_opt/s19 slot 79/170  nmse=0.054
   fedkan_opt/s19 slot 119/170  nmse=0.047
   fedkan_opt/s19 slot 159/170  nmse=0.037
[20/120] fedkan_opt   s19 nmse=0.0507 gap=0.0155 bits=1.65e+07 ruleR2=0.8532 (154.5s)
[21/120] running kan_full seed=0 ...
   kan_full/s0 slot 39/170  nmse=0.062
   kan_full/s0 slot 79/170  nmse=0.045
   kan_full/s0 slot 119/170  nmse=0.039
   kan_full/s0 slot 159/170  nmse=0.042
[21/120] kan_full     s0 nmse=0.0672 gap=0.0120 bits=3.35e+07 ruleR2=0.7216 (160.6s)
[22/120] running kan_full seed=1 ...
   kan_full/s1 slot 39/170  nmse=0.072
   kan_full/s1 slot 79/170  nmse=0.072
   kan_full/s1 slot 119/170  nmse=0.041
   kan_full/s1 slot 159/170  nmse=0.033
[22/120] kan_full     s1 nmse=0.0548 gap=0.0127 bits=3.38e+07 ruleR2=0.8971 (154.0s)
[23/120] running kan_full seed=2 ...
   kan_full/s2 slot 39/170  nmse=0.048
   kan_full/s2 slot 79/170  nmse=0.031
   kan_full/s2 slot 119/170  nmse=0.025
   kan_full/s2 slot 159/170  nmse=0.022
[23/120] kan_full     s2 nmse=0.0312 gap=0.0070 bits=3.31e+07 ruleR2=0.8285 (157.6s)
[24/120] running kan_full seed=3 ...
   kan_full/s3 slot 39/170  nmse=0.076
   kan_full/s3 slot 79/170  nmse=0.042
   kan_full/s3 slot 119/170  nmse=0.048
   kan_full/s3 slot 159/170  nmse=0.040
[24/120] kan_full     s3 nmse=0.0540 gap=0.0156 bits=3.21e+07 ruleR2=0.8591 (153.9s)
[25/120] running kan_full seed=4 ...
   kan_full/s4 slot 39/170  nmse=0.062
   kan_full/s4 slot 79/170  nmse=0.033
   kan_full/s4 slot 119/170  nmse=0.033
   kan_full/s4 slot 159/170  nmse=0.030
[25/120] kan_full     s4 nmse=0.0290 gap=0.0066 bits=3.29e+07 ruleR2=0.7998 (156.6s)
[26/120] running kan_full seed=5 ...
   kan_full/s5 slot 39/170  nmse=0.144
   kan_full/s5 slot 79/170  nmse=0.056
   kan_full/s5 slot 119/170  nmse=0.037
   kan_full/s5 slot 159/170  nmse=0.030
[26/120] kan_full     s5 nmse=0.0297 gap=0.0122 bits=3.31e+07 ruleR2=0.8267 (158.7s)
[27/120] running kan_full seed=6 ...
   kan_full/s6 slot 39/170  nmse=0.069
   kan_full/s6 slot 79/170  nmse=0.038
   kan_full/s6 slot 119/170  nmse=0.034
   kan_full/s6 slot 159/170  nmse=0.042
[27/120] kan_full     s6 nmse=0.0628 gap=0.0080 bits=3.32e+07 ruleR2=0.7081 (159.4s)
[28/120] running kan_full seed=7 ...
   kan_full/s7 slot 39/170  nmse=0.062
   kan_full/s7 slot 79/170  nmse=0.040
   kan_full/s7 slot 119/170  nmse=0.059
   kan_full/s7 slot 159/170  nmse=0.039
[28/120] kan_full     s7 nmse=0.0411 gap=0.0080 bits=3.42e+07 ruleR2=0.781 (157.0s)
[29/120] running kan_full seed=8 ...
   kan_full/s8 slot 39/170  nmse=0.071
   kan_full/s8 slot 79/170  nmse=0.036
   kan_full/s8 slot 119/170  nmse=0.031
   kan_full/s8 slot 159/170  nmse=0.028
[29/120] kan_full     s8 nmse=0.0487 gap=0.0133 bits=3.20e+07 ruleR2=0.6297 (150.3s)
[30/120] running kan_full seed=9 ...
   kan_full/s9 slot 39/170  nmse=0.116
   kan_full/s9 slot 79/170  nmse=0.043
   kan_full/s9 slot 119/170  nmse=0.039
   kan_full/s9 slot 159/170  nmse=0.049
[30/120] kan_full     s9 nmse=0.0373 gap=0.0186 bits=3.33e+07 ruleR2=0.801 (157.1s)
[31/120] running kan_full seed=10 ...
   kan_full/s10 slot 39/170  nmse=0.065
   kan_full/s10 slot 79/170  nmse=0.040
   kan_full/s10 slot 119/170  nmse=0.029
   kan_full/s10 slot 159/170  nmse=0.028
[31/120] kan_full     s10 nmse=0.0366 gap=0.0070 bits=3.34e+07 ruleR2=0.7182 (153.9s)
[32/120] running kan_full seed=11 ...
   kan_full/s11 slot 39/170  nmse=0.064
   kan_full/s11 slot 79/170  nmse=0.049
   kan_full/s11 slot 119/170  nmse=0.039
   kan_full/s11 slot 159/170  nmse=0.038
[32/120] kan_full     s11 nmse=0.0422 gap=0.0086 bits=3.28e+07 ruleR2=0.6652 (151.2s)
[33/120] running kan_full seed=12 ...
   kan_full/s12 slot 39/170  nmse=0.106
   kan_full/s12 slot 79/170  nmse=0.061
   kan_full/s12 slot 119/170  nmse=0.044
   kan_full/s12 slot 159/170  nmse=0.036
[33/120] kan_full     s12 nmse=0.0283 gap=0.0095 bits=3.21e+07 ruleR2=0.8306 (148.1s)
[34/120] running kan_full seed=13 ...
   kan_full/s13 slot 39/170  nmse=0.062
   kan_full/s13 slot 79/170  nmse=0.042
   kan_full/s13 slot 119/170  nmse=0.038
   kan_full/s13 slot 159/170  nmse=0.032
[34/120] kan_full     s13 nmse=0.0310 gap=0.0078 bits=3.36e+07 ruleR2=0.8183 (153.7s)
[35/120] running kan_full seed=14 ...
   kan_full/s14 slot 39/170  nmse=0.068
   kan_full/s14 slot 79/170  nmse=0.049
   kan_full/s14 slot 119/170  nmse=0.038
   kan_full/s14 slot 159/170  nmse=0.042
[35/120] kan_full     s14 nmse=0.0391 gap=0.0095 bits=3.42e+07 ruleR2=0.7779 (159.2s)
[36/120] running kan_full seed=15 ...
   kan_full/s15 slot 39/170  nmse=0.060
   kan_full/s15 slot 79/170  nmse=0.044
   kan_full/s15 slot 119/170  nmse=0.037
   kan_full/s15 slot 159/170  nmse=0.038
[36/120] kan_full     s15 nmse=0.0468 gap=0.0080 bits=3.36e+07 ruleR2=0.6415 (160.4s)
[37/120] running kan_full seed=16 ...
   kan_full/s16 slot 39/170  nmse=0.079
   kan_full/s16 slot 79/170  nmse=0.033
   kan_full/s16 slot 119/170  nmse=0.032
   kan_full/s16 slot 159/170  nmse=0.027
[37/120] kan_full     s16 nmse=0.0259 gap=0.0151 bits=3.36e+07 ruleR2=0.8306 (155.8s)
[38/120] running kan_full seed=17 ...
   kan_full/s17 slot 39/170  nmse=0.073
   kan_full/s17 slot 79/170  nmse=0.049
   kan_full/s17 slot 119/170  nmse=0.038
   kan_full/s17 slot 159/170  nmse=0.035
[38/120] kan_full     s17 nmse=0.0360 gap=0.0081 bits=3.32e+07 ruleR2=0.7267 (156.6s)
[39/120] running kan_full seed=18 ...
   kan_full/s18 slot 39/170  nmse=0.096
   kan_full/s18 slot 79/170  nmse=0.040
   kan_full/s18 slot 119/170  nmse=0.030
   kan_full/s18 slot 159/170  nmse=0.032
[39/120] kan_full     s18 nmse=0.0281 gap=0.0087 bits=3.29e+07 ruleR2=0.7762 (156.5s)
[40/120] running kan_full seed=19 ...
   kan_full/s19 slot 39/170  nmse=0.054
   kan_full/s19 slot 79/170  nmse=0.032
   kan_full/s19 slot 119/170  nmse=0.029
   kan_full/s19 slot 159/170  nmse=0.031
[40/120] kan_full     s19 nmse=0.0437 gap=0.0072 bits=3.20e+07 ruleR2=0.8281 (149.9s)
[41/120] running kan_evolve seed=0 ...
   kan_evolve/s0 slot 39/170  nmse=0.154
   kan_evolve/s0 slot 79/170  nmse=0.045
   kan_evolve/s0 slot 119/170  nmse=0.028
   kan_evolve/s0 slot 159/170  nmse=0.028
[41/120] kan_evolve   s0 nmse=0.0380 gap=0.0272 bits=2.17e+07 ruleR2=0.9171 (165.4s)
[42/120] running kan_evolve seed=1 ...
   kan_evolve/s1 slot 39/170  nmse=0.253
   kan_evolve/s1 slot 79/170  nmse=0.069
   kan_evolve/s1 slot 119/170  nmse=0.040
   kan_evolve/s1 slot 159/170  nmse=0.032
[42/120] kan_evolve   s1 nmse=0.0360 gap=0.0248 bits=2.18e+07 ruleR2=0.6728 (163.7s)
[43/120] running kan_evolve seed=2 ...
   kan_evolve/s2 slot 39/170  nmse=0.060
   kan_evolve/s2 slot 79/170  nmse=0.034
   kan_evolve/s2 slot 119/170  nmse=0.031
   kan_evolve/s2 slot 159/170  nmse=0.043
[43/120] kan_evolve   s2 nmse=0.0819 gap=0.0215 bits=2.09e+07 ruleR2=0.8142 (166.1s)
[44/120] running kan_evolve seed=3 ...
   kan_evolve/s3 slot 39/170  nmse=0.058
   kan_evolve/s3 slot 79/170  nmse=0.049
   kan_evolve/s3 slot 119/170  nmse=0.053
   kan_evolve/s3 slot 159/170  nmse=0.043
[44/120] kan_evolve   s3 nmse=0.0678 gap=0.0077 bits=2.45e+07 ruleR2=0.7998 (161.0s)
[45/120] running kan_evolve seed=4 ...
   kan_evolve/s4 slot 39/170  nmse=0.164
   kan_evolve/s4 slot 79/170  nmse=0.039
   kan_evolve/s4 slot 119/170  nmse=0.035
   kan_evolve/s4 slot 159/170  nmse=0.030
[45/120] kan_evolve   s4 nmse=0.0318 gap=0.0228 bits=2.40e+07 ruleR2=0.7081 (165.1s)
[46/120] running kan_evolve seed=5 ...
   kan_evolve/s5 slot 39/170  nmse=0.104
   kan_evolve/s5 slot 79/170  nmse=0.062
   kan_evolve/s5 slot 119/170  nmse=0.068
   kan_evolve/s5 slot 159/170  nmse=0.052
[46/120] kan_evolve   s5 nmse=0.0508 gap=0.0173 bits=1.89e+07 ruleR2=0.8196 (166.6s)
[47/120] running kan_evolve seed=6 ...
   kan_evolve/s6 slot 39/170  nmse=0.080
   kan_evolve/s6 slot 79/170  nmse=0.033
   kan_evolve/s6 slot 119/170  nmse=0.038
   kan_evolve/s6 slot 159/170  nmse=0.069
[47/120] kan_evolve   s6 nmse=0.0613 gap=0.0229 bits=2.24e+07 ruleR2=0.7594 (172.0s)
[48/120] running kan_evolve seed=7 ...
   kan_evolve/s7 slot 39/170  nmse=0.065
   kan_evolve/s7 slot 79/170  nmse=0.054
   kan_evolve/s7 slot 119/170  nmse=0.048
   kan_evolve/s7 slot 159/170  nmse=0.076
[48/120] kan_evolve   s7 nmse=0.0440 gap=0.0120 bits=1.66e+07 ruleR2=0.8846 (176.0s)
[49/120] running kan_evolve seed=8 ...
   kan_evolve/s8 slot 39/170  nmse=0.098
   kan_evolve/s8 slot 79/170  nmse=0.041
   kan_evolve/s8 slot 119/170  nmse=0.034
   kan_evolve/s8 slot 159/170  nmse=0.033
[49/120] kan_evolve   s8 nmse=0.0331 gap=0.0186 bits=1.75e+07 ruleR2=0.7643 (165.8s)
[50/120] running kan_evolve seed=9 ...
   kan_evolve/s9 slot 39/170  nmse=0.165
   kan_evolve/s9 slot 79/170  nmse=0.070
   kan_evolve/s9 slot 119/170  nmse=0.072
   kan_evolve/s9 slot 159/170  nmse=0.059
[50/120] kan_evolve   s9 nmse=0.0619 gap=0.0331 bits=1.74e+07 ruleR2=0.7482 (166.8s)
[51/120] running kan_evolve seed=10 ...
   kan_evolve/s10 slot 39/170  nmse=0.098
   kan_evolve/s10 slot 79/170  nmse=0.027
   kan_evolve/s10 slot 119/170  nmse=0.024
   kan_evolve/s10 slot 159/170  nmse=0.027
[51/120] kan_evolve   s10 nmse=0.0349 gap=0.0212 bits=2.30e+07 ruleR2=0.7178 (167.2s)
[52/120] running kan_evolve seed=11 ...
   kan_evolve/s11 slot 39/170  nmse=0.064
   kan_evolve/s11 slot 79/170  nmse=0.075
   kan_evolve/s11 slot 119/170  nmse=0.072
   kan_evolve/s11 slot 159/170  nmse=0.052
[52/120] kan_evolve   s11 nmse=0.0554 gap=0.0085 bits=1.82e+07 ruleR2=0.6905 (163.2s)
[53/120] running kan_evolve seed=12 ...
   kan_evolve/s12 slot 39/170  nmse=0.106
   kan_evolve/s12 slot 79/170  nmse=0.030
   kan_evolve/s12 slot 119/170  nmse=0.029
   kan_evolve/s12 slot 159/170  nmse=0.035
[53/120] kan_evolve   s12 nmse=0.0423 gap=0.0191 bits=2.42e+07 ruleR2=0.7703 (161.4s)
[54/120] running kan_evolve seed=13 ...
   kan_evolve/s13 slot 39/170  nmse=0.074
   kan_evolve/s13 slot 79/170  nmse=0.050
   kan_evolve/s13 slot 119/170  nmse=0.042
   kan_evolve/s13 slot 159/170  nmse=0.036
[54/120] kan_evolve   s13 nmse=0.0310 gap=0.0171 bits=1.90e+07 ruleR2=0.7668 (168.0s)
[55/120] running kan_evolve seed=14 ...
   kan_evolve/s14 slot 39/170  nmse=0.117
   kan_evolve/s14 slot 79/170  nmse=0.069
   kan_evolve/s14 slot 119/170  nmse=0.044
   kan_evolve/s14 slot 159/170  nmse=0.048
[55/120] kan_evolve   s14 nmse=0.0716 gap=0.0177 bits=2.31e+07 ruleR2=0.6348 (167.0s)
[56/120] running kan_evolve seed=15 ...
   kan_evolve/s15 slot 39/170  nmse=0.074
   kan_evolve/s15 slot 79/170  nmse=0.040
   kan_evolve/s15 slot 119/170  nmse=0.031
   kan_evolve/s15 slot 159/170  nmse=0.037
[56/120] kan_evolve   s15 nmse=0.0446 gap=0.0170 bits=1.86e+07 ruleR2=0.7599 (163.8s)
[57/120] running kan_evolve seed=16 ...
   kan_evolve/s16 slot 39/170  nmse=0.075
   kan_evolve/s16 slot 79/170  nmse=0.046
   kan_evolve/s16 slot 119/170  nmse=0.054
   kan_evolve/s16 slot 159/170  nmse=0.053
[57/120] kan_evolve   s16 nmse=0.0507 gap=0.0177 bits=2.16e+07 ruleR2=0.6217 (162.8s)
[58/120] running kan_evolve seed=17 ...
   kan_evolve/s17 slot 39/170  nmse=0.072
   kan_evolve/s17 slot 79/170  nmse=0.032
   kan_evolve/s17 slot 119/170  nmse=0.034
   kan_evolve/s17 slot 159/170  nmse=0.038
[58/120] kan_evolve   s17 nmse=0.0362 gap=0.0132 bits=2.42e+07 ruleR2=0.8732 (165.2s)
[59/120] running kan_evolve seed=18 ...
   kan_evolve/s18 slot 39/170  nmse=0.152
   kan_evolve/s18 slot 79/170  nmse=0.035
   kan_evolve/s18 slot 119/170  nmse=0.027
   kan_evolve/s18 slot 159/170  nmse=0.039
[59/120] kan_evolve   s18 nmse=0.0392 gap=0.0197 bits=2.35e+07 ruleR2=0.7035 (164.9s)
[60/120] running kan_evolve seed=19 ...
   kan_evolve/s19 slot 39/170  nmse=0.050
   kan_evolve/s19 slot 79/170  nmse=0.042
   kan_evolve/s19 slot 119/170  nmse=0.038
   kan_evolve/s19 slot 159/170  nmse=0.030
[60/120] kan_evolve   s19 nmse=0.0412 gap=0.0120 bits=2.37e+07 ruleR2=0.7704 (158.5s)
[61/120] running mlp seed=0 ...
   mlp/s0 slot 39/170  nmse=0.070
   mlp/s0 slot 79/170  nmse=0.051
   mlp/s0 slot 119/170  nmse=0.031
   mlp/s0 slot 159/170  nmse=0.029
[61/120] mlp          s0 nmse=0.0596 gap=0.0229 bits=3.36e+07 ruleR2= (51.0s)
[62/120] running mlp seed=1 ...
   mlp/s1 slot 39/170  nmse=0.191
   mlp/s1 slot 79/170  nmse=0.052
   mlp/s1 slot 119/170  nmse=0.035
   mlp/s1 slot 159/170  nmse=0.042
[62/120] mlp          s1 nmse=0.0669 gap=0.0163 bits=3.38e+07 ruleR2= (50.6s)
[63/120] running mlp seed=2 ...
   mlp/s2 slot 39/170  nmse=0.113
   mlp/s2 slot 79/170  nmse=0.047
   mlp/s2 slot 119/170  nmse=0.031
   mlp/s2 slot 159/170  nmse=0.024
[63/120] mlp          s2 nmse=0.0381 gap=0.0185 bits=3.32e+07 ruleR2= (49.5s)
[64/120] running mlp seed=3 ...
   mlp/s3 slot 39/170  nmse=0.080
   mlp/s3 slot 79/170  nmse=0.057
   mlp/s3 slot 119/170  nmse=0.028
   mlp/s3 slot 159/170  nmse=0.039
[64/120] mlp          s3 nmse=0.1934 gap=0.0134 bits=3.22e+07 ruleR2= (50.1s)
[65/120] running mlp seed=4 ...
   mlp/s4 slot 39/170  nmse=0.121
   mlp/s4 slot 79/170  nmse=0.076
   mlp/s4 slot 119/170  nmse=0.097
   mlp/s4 slot 159/170  nmse=0.072
[65/120] mlp          s4 nmse=0.0773 gap=0.0167 bits=3.30e+07 ruleR2= (50.1s)
[66/120] running mlp seed=5 ...
   mlp/s5 slot 39/170  nmse=0.218
   mlp/s5 slot 79/170  nmse=0.206
   mlp/s5 slot 119/170  nmse=0.141
   mlp/s5 slot 159/170  nmse=0.110
[66/120] mlp          s5 nmse=0.1083 gap=0.0209 bits=3.32e+07 ruleR2= (51.2s)
[67/120] running mlp seed=6 ...
   mlp/s6 slot 39/170  nmse=0.128
   mlp/s6 slot 79/170  nmse=0.067
   mlp/s6 slot 119/170  nmse=0.052
   mlp/s6 slot 159/170  nmse=0.055
[67/120] mlp          s6 nmse=0.0462 gap=0.0181 bits=3.33e+07 ruleR2= (49.7s)
[68/120] running mlp seed=7 ...
   mlp/s7 slot 39/170  nmse=0.100
   mlp/s7 slot 79/170  nmse=0.109
   mlp/s7 slot 119/170  nmse=0.105
   mlp/s7 slot 159/170  nmse=0.053
[68/120] mlp          s7 nmse=0.0524 gap=0.0218 bits=3.43e+07 ruleR2= (51.9s)
[69/120] running mlp seed=8 ...
   mlp/s8 slot 39/170  nmse=0.101
   mlp/s8 slot 79/170  nmse=0.081
   mlp/s8 slot 119/170  nmse=0.070
   mlp/s8 slot 159/170  nmse=0.042
[69/120] mlp          s8 nmse=0.0475 gap=0.0152 bits=3.21e+07 ruleR2= (49.5s)
[70/120] running mlp seed=9 ...
   mlp/s9 slot 39/170  nmse=0.213
   mlp/s9 slot 79/170  nmse=0.094
   mlp/s9 slot 119/170  nmse=0.112
   mlp/s9 slot 159/170  nmse=0.103
[70/120] mlp          s9 nmse=0.1228 gap=0.0301 bits=3.34e+07 ruleR2= (51.8s)
[71/120] running mlp seed=10 ...
   mlp/s10 slot 39/170  nmse=0.552
   mlp/s10 slot 79/170  nmse=0.049
   mlp/s10 slot 119/170  nmse=0.046
   mlp/s10 slot 159/170  nmse=0.041
[71/120] mlp          s10 nmse=0.0315 gap=0.0466 bits=3.35e+07 ruleR2= (51.0s)
[72/120] running mlp seed=11 ...
   mlp/s11 slot 39/170  nmse=0.205
   mlp/s11 slot 79/170  nmse=0.075
   mlp/s11 slot 119/170  nmse=0.067
   mlp/s11 slot 159/170  nmse=0.038
[72/120] mlp          s11 nmse=0.0498 gap=0.0256 bits=3.29e+07 ruleR2= (49.8s)
[73/120] running mlp seed=12 ...
   mlp/s12 slot 39/170  nmse=0.131
   mlp/s12 slot 79/170  nmse=0.044
   mlp/s12 slot 119/170  nmse=0.036
   mlp/s12 slot 159/170  nmse=0.029
[73/120] mlp          s12 nmse=0.0446 gap=0.0143 bits=3.22e+07 ruleR2= (50.1s)
[74/120] running mlp seed=13 ...
   mlp/s13 slot 39/170  nmse=0.100
   mlp/s13 slot 79/170  nmse=0.099
   mlp/s13 slot 119/170  nmse=0.071
   mlp/s13 slot 159/170  nmse=0.059
[74/120] mlp          s13 nmse=0.0674 gap=0.0194 bits=3.37e+07 ruleR2= (51.2s)
[75/120] running mlp seed=14 ...
   mlp/s14 slot 39/170  nmse=0.131
   mlp/s14 slot 79/170  nmse=0.147
   mlp/s14 slot 119/170  nmse=0.091
   mlp/s14 slot 159/170  nmse=0.089
[75/120] mlp          s14 nmse=0.1157 gap=0.0434 bits=3.43e+07 ruleR2= (53.8s)
[76/120] running mlp seed=15 ...
   mlp/s15 slot 39/170  nmse=0.116
   mlp/s15 slot 79/170  nmse=0.063
   mlp/s15 slot 119/170  nmse=0.034
   mlp/s15 slot 159/170  nmse=0.031
[76/120] mlp          s15 nmse=0.0347 gap=0.0156 bits=3.37e+07 ruleR2= (50.2s)
[77/120] running mlp seed=16 ...
   mlp/s16 slot 39/170  nmse=0.226
   mlp/s16 slot 79/170  nmse=0.101
   mlp/s16 slot 119/170  nmse=0.162
   mlp/s16 slot 159/170  nmse=0.107
[77/120] mlp          s16 nmse=0.1316 gap=0.0192 bits=3.37e+07 ruleR2= (51.4s)
[78/120] running mlp seed=17 ...
   mlp/s17 slot 39/170  nmse=0.170
   mlp/s17 slot 79/170  nmse=0.088
   mlp/s17 slot 119/170  nmse=0.058
   mlp/s17 slot 159/170  nmse=0.088
[78/120] mlp          s17 nmse=0.0592 gap=0.0160 bits=3.33e+07 ruleR2= (52.6s)
[79/120] running mlp seed=18 ...
   mlp/s18 slot 39/170  nmse=0.198
   mlp/s18 slot 79/170  nmse=0.069
   mlp/s18 slot 119/170  nmse=0.046
   mlp/s18 slot 159/170  nmse=0.056
[79/120] mlp          s18 nmse=0.0814 gap=0.0325 bits=3.30e+07 ruleR2= (49.5s)
[80/120] running mlp seed=19 ...
   mlp/s19 slot 39/170  nmse=0.124
   mlp/s19 slot 79/170  nmse=0.039
   mlp/s19 slot 119/170  nmse=0.025
   mlp/s19 slot 159/170  nmse=0.026
[80/120] mlp          s19 nmse=0.0402 gap=0.0173 bits=3.21e+07 ruleR2= (49.0s)
[81/120] running mlp_prox seed=0 ...
   mlp_prox/s0 slot 39/170  nmse=0.076
   mlp_prox/s0 slot 79/170  nmse=0.053
   mlp_prox/s0 slot 119/170  nmse=0.030
   mlp_prox/s0 slot 159/170  nmse=0.037
[81/120] mlp_prox     s0 nmse=0.0752 gap=0.0215 bits=3.36e+07 ruleR2= (68.3s)
[82/120] running mlp_prox seed=1 ...
   mlp_prox/s1 slot 39/170  nmse=0.129
   mlp_prox/s1 slot 79/170  nmse=0.052
   mlp_prox/s1 slot 119/170  nmse=0.028
   mlp_prox/s1 slot 159/170  nmse=0.027
[82/120] mlp_prox     s1 nmse=0.0463 gap=0.0130 bits=3.38e+07 ruleR2= (68.6s)
[83/120] running mlp_prox seed=2 ...
   mlp_prox/s2 slot 39/170  nmse=0.261
   mlp_prox/s2 slot 79/170  nmse=0.106
   mlp_prox/s2 slot 119/170  nmse=0.056
   mlp_prox/s2 slot 159/170  nmse=0.057
[83/120] mlp_prox     s2 nmse=0.0574 gap=0.0262 bits=3.32e+07 ruleR2= (66.2s)
[84/120] running mlp_prox seed=3 ...
   mlp_prox/s3 slot 39/170  nmse=0.170
   mlp_prox/s3 slot 79/170  nmse=0.109
   mlp_prox/s3 slot 119/170  nmse=0.039
   mlp_prox/s3 slot 159/170  nmse=0.065
[84/120] mlp_prox     s3 nmse=0.1135 gap=0.0143 bits=3.22e+07 ruleR2= (64.3s)
[85/120] running mlp_prox seed=4 ...
   mlp_prox/s4 slot 39/170  nmse=0.152
   mlp_prox/s4 slot 79/170  nmse=0.099
   mlp_prox/s4 slot 119/170  nmse=0.083
   mlp_prox/s4 slot 159/170  nmse=0.099
[85/120] mlp_prox     s4 nmse=0.1240 gap=0.0250 bits=3.30e+07 ruleR2= (67.6s)
[86/120] running mlp_prox seed=5 ...
   mlp_prox/s5 slot 39/170  nmse=0.149
   mlp_prox/s5 slot 79/170  nmse=0.207
   mlp_prox/s5 slot 119/170  nmse=0.117
   mlp_prox/s5 slot 159/170  nmse=0.054
[86/120] mlp_prox     s5 nmse=0.0501 gap=0.0181 bits=3.32e+07 ruleR2= (66.3s)
[87/120] running mlp_prox seed=6 ...
   mlp_prox/s6 slot 39/170  nmse=0.098
   mlp_prox/s6 slot 79/170  nmse=0.051
   mlp_prox/s6 slot 119/170  nmse=0.069
   mlp_prox/s6 slot 159/170  nmse=0.074
[87/120] mlp_prox     s6 nmse=0.0548 gap=0.0128 bits=3.33e+07 ruleR2= (67.9s)
[88/120] running mlp_prox seed=7 ...
   mlp_prox/s7 slot 39/170  nmse=0.107
   mlp_prox/s7 slot 79/170  nmse=0.122
   mlp_prox/s7 slot 119/170  nmse=0.095
   mlp_prox/s7 slot 159/170  nmse=0.090
[88/120] mlp_prox     s7 nmse=0.1304 gap=0.0203 bits=3.43e+07 ruleR2= (79.8s)
[89/120] running mlp_prox seed=8 ...
   mlp_prox/s8 slot 39/170  nmse=0.114
   mlp_prox/s8 slot 79/170  nmse=0.059
   mlp_prox/s8 slot 119/170  nmse=0.072
   mlp_prox/s8 slot 159/170  nmse=0.063
[89/120] mlp_prox     s8 nmse=0.0846 gap=0.0142 bits=3.21e+07 ruleR2= (76.5s)
[90/120] running mlp_prox seed=9 ...
   mlp_prox/s9 slot 39/170  nmse=0.142
   mlp_prox/s9 slot 79/170  nmse=0.116
   mlp_prox/s9 slot 119/170  nmse=0.130
   mlp_prox/s9 slot 159/170  nmse=0.156
[90/120] mlp_prox     s9 nmse=0.1704 gap=0.0224 bits=3.34e+07 ruleR2= (77.8s)
[91/120] running mlp_prox seed=10 ...
   mlp_prox/s10 slot 39/170  nmse=0.142
   mlp_prox/s10 slot 79/170  nmse=0.031
   mlp_prox/s10 slot 119/170  nmse=0.024
   mlp_prox/s10 slot 159/170  nmse=0.032
[91/120] mlp_prox     s10 nmse=0.0315 gap=0.0328 bits=3.35e+07 ruleR2= (73.4s)
[92/120] running mlp_prox seed=11 ...
   mlp_prox/s11 slot 39/170  nmse=0.113
   mlp_prox/s11 slot 79/170  nmse=0.092
   mlp_prox/s11 slot 119/170  nmse=0.065
   mlp_prox/s11 slot 159/170  nmse=0.057
[92/120] mlp_prox     s11 nmse=0.0654 gap=0.0177 bits=3.29e+07 ruleR2= (68.2s)
[93/120] running mlp_prox seed=12 ...
   mlp_prox/s12 slot 39/170  nmse=0.176
   mlp_prox/s12 slot 79/170  nmse=0.117
   mlp_prox/s12 slot 119/170  nmse=0.093
   mlp_prox/s12 slot 159/170  nmse=0.061
[93/120] mlp_prox     s12 nmse=0.0602 gap=0.0146 bits=3.22e+07 ruleR2= (65.7s)
[94/120] running mlp_prox seed=13 ...
   mlp_prox/s13 slot 39/170  nmse=0.096
   mlp_prox/s13 slot 79/170  nmse=0.058
   mlp_prox/s13 slot 119/170  nmse=0.041
   mlp_prox/s13 slot 159/170  nmse=0.040
[94/120] mlp_prox     s13 nmse=0.0452 gap=0.0221 bits=3.37e+07 ruleR2= (70.7s)
[95/120] running mlp_prox seed=14 ...
   mlp_prox/s14 slot 39/170  nmse=0.170
   mlp_prox/s14 slot 79/170  nmse=0.155
   mlp_prox/s14 slot 119/170  nmse=0.086
   mlp_prox/s14 slot 159/170  nmse=0.065
[95/120] mlp_prox     s14 nmse=0.0830 gap=0.0257 bits=3.43e+07 ruleR2= (70.8s)
[96/120] running mlp_prox seed=15 ...
   mlp_prox/s15 slot 39/170  nmse=0.102
   mlp_prox/s15 slot 79/170  nmse=0.074
   mlp_prox/s15 slot 119/170  nmse=0.047
   mlp_prox/s15 slot 159/170  nmse=0.065
[96/120] mlp_prox     s15 nmse=0.0822 gap=0.0142 bits=3.37e+07 ruleR2= (71.4s)
[97/120] running mlp_prox seed=16 ...
   mlp_prox/s16 slot 39/170  nmse=0.164
   mlp_prox/s16 slot 79/170  nmse=0.123
   mlp_prox/s16 slot 119/170  nmse=0.147
   mlp_prox/s16 slot 159/170  nmse=0.109
[97/120] mlp_prox     s16 nmse=0.1180 gap=0.0314 bits=3.37e+07 ruleR2= (68.9s)
[98/120] running mlp_prox seed=17 ...
   mlp_prox/s17 slot 39/170  nmse=0.116
   mlp_prox/s17 slot 79/170  nmse=0.121
   mlp_prox/s17 slot 119/170  nmse=0.095
   mlp_prox/s17 slot 159/170  nmse=0.081
[98/120] mlp_prox     s17 nmse=0.0578 gap=0.0279 bits=3.33e+07 ruleR2= (67.8s)
[99/120] running mlp_prox seed=18 ...
   mlp_prox/s18 slot 39/170  nmse=0.096
   mlp_prox/s18 slot 79/170  nmse=0.059
   mlp_prox/s18 slot 119/170  nmse=0.038
   mlp_prox/s18 slot 159/170  nmse=0.042
[99/120] mlp_prox     s18 nmse=0.0444 gap=0.0219 bits=3.30e+07 ruleR2= (65.0s)
[100/120] running mlp_prox seed=19 ...
   mlp_prox/s19 slot 39/170  nmse=0.081
   mlp_prox/s19 slot 79/170  nmse=0.032
   mlp_prox/s19 slot 119/170  nmse=0.027
   mlp_prox/s19 slot 159/170  nmse=0.023
[100/120] mlp_prox     s19 nmse=0.0592 gap=0.0166 bits=3.21e+07 ruleR2= (64.9s)
[101/120] running linear seed=0 ...
   linear/s0 slot 39/170  nmse=2.376
   linear/s0 slot 79/170  nmse=2.854
   linear/s0 slot 119/170  nmse=2.146
   linear/s0 slot 159/170  nmse=1.926
[101/120] linear       s0 nmse=2.6568 gap=0.3528 bits=3.72e+05 ruleR2= (39.8s)
[102/120] running linear seed=1 ...
   linear/s1 slot 39/170  nmse=1.857
   linear/s1 slot 79/170  nmse=2.056
   linear/s1 slot 119/170  nmse=2.067
   linear/s1 slot 159/170  nmse=2.084
[102/120] linear       s1 nmse=2.0021 gap=0.2928 bits=3.75e+05 ruleR2= (40.3s)
[103/120] running linear seed=2 ...
   linear/s2 slot 39/170  nmse=1.546
   linear/s2 slot 79/170  nmse=1.413
   linear/s2 slot 119/170  nmse=1.639
   linear/s2 slot 159/170  nmse=1.767
[103/120] linear       s2 nmse=2.6454 gap=0.3080 bits=3.67e+05 ruleR2= (40.1s)
[104/120] running linear seed=3 ...
   linear/s3 slot 39/170  nmse=2.325
   linear/s3 slot 79/170  nmse=2.401
   linear/s3 slot 119/170  nmse=2.893
   linear/s3 slot 159/170  nmse=1.934
[104/120] linear       s3 nmse=3.4615 gap=0.3211 bits=3.57e+05 ruleR2= (39.1s)
[105/120] running linear seed=4 ...
   linear/s4 slot 39/170  nmse=2.246
   linear/s4 slot 79/170  nmse=2.631
   linear/s4 slot 119/170  nmse=2.604
   linear/s4 slot 159/170  nmse=1.801
[105/120] linear       s4 nmse=1.6882 gap=0.3237 bits=3.66e+05 ruleR2= (40.8s)
[106/120] running linear seed=5 ...
   linear/s5 slot 39/170  nmse=2.879
   linear/s5 slot 79/170  nmse=2.801
   linear/s5 slot 119/170  nmse=2.878
   linear/s5 slot 159/170  nmse=2.455
[106/120] linear       s5 nmse=2.3981 gap=0.2532 bits=3.67e+05 ruleR2= (40.6s)
[107/120] running linear seed=6 ...
   linear/s6 slot 39/170  nmse=2.440
   linear/s6 slot 79/170  nmse=2.064
   linear/s6 slot 119/170  nmse=2.284
   linear/s6 slot 159/170  nmse=2.130
[107/120] linear       s6 nmse=2.9937 gap=0.2897 bits=3.69e+05 ruleR2= (40.8s)
[108/120] running linear seed=7 ...
   linear/s7 slot 39/170  nmse=1.950
   linear/s7 slot 79/170  nmse=1.923
   linear/s7 slot 119/170  nmse=2.349
   linear/s7 slot 159/170  nmse=2.105
[108/120] linear       s7 nmse=1.8656 gap=0.2893 bits=3.80e+05 ruleR2= (42.2s)
[109/120] running linear seed=8 ...
   linear/s8 slot 39/170  nmse=2.396
   linear/s8 slot 79/170  nmse=1.715
   linear/s8 slot 119/170  nmse=1.851
   linear/s8 slot 159/170  nmse=2.128
[109/120] linear       s8 nmse=1.3235 gap=0.2944 bits=3.56e+05 ruleR2= (40.1s)
[110/120] running linear seed=9 ...
   linear/s9 slot 39/170  nmse=1.956
   linear/s9 slot 79/170  nmse=1.942
   linear/s9 slot 119/170  nmse=1.982
   linear/s9 slot 159/170  nmse=2.546
[110/120] linear       s9 nmse=2.6251 gap=0.2795 bits=3.70e+05 ruleR2= (40.8s)
[111/120] running linear seed=10 ...
   linear/s10 slot 39/170  nmse=2.469
   linear/s10 slot 79/170  nmse=1.747
   linear/s10 slot 119/170  nmse=1.990
   linear/s10 slot 159/170  nmse=2.110
[111/120] linear       s10 nmse=2.1892 gap=0.2939 bits=3.71e+05 ruleR2= (41.0s)
[112/120] running linear seed=11 ...
   linear/s11 slot 39/170  nmse=1.945
   linear/s11 slot 79/170  nmse=2.137
   linear/s11 slot 119/170  nmse=1.831
   linear/s11 slot 159/170  nmse=2.280
[112/120] linear       s11 nmse=2.3461 gap=0.3139 bits=3.65e+05 ruleR2= (40.9s)
[113/120] running linear seed=12 ...
   linear/s12 slot 39/170  nmse=2.398
   linear/s12 slot 79/170  nmse=2.192
   linear/s12 slot 119/170  nmse=2.158
   linear/s12 slot 159/170  nmse=2.405
[113/120] linear       s12 nmse=2.2837 gap=0.2987 bits=3.57e+05 ruleR2= (39.7s)
[114/120] running linear seed=13 ...
   linear/s13 slot 39/170  nmse=1.995
   linear/s13 slot 79/170  nmse=2.353
   linear/s13 slot 119/170  nmse=2.631
   linear/s13 slot 159/170  nmse=1.832
[114/120] linear       s13 nmse=1.9650 gap=0.3194 bits=3.74e+05 ruleR2= (41.0s)
[115/120] running linear seed=14 ...
   linear/s14 slot 39/170  nmse=2.034
   linear/s14 slot 79/170  nmse=2.697
   linear/s14 slot 119/170  nmse=1.996
   linear/s14 slot 159/170  nmse=2.503
[115/120] linear       s14 nmse=3.1053 gap=0.3090 bits=3.80e+05 ruleR2= (41.9s)
[116/120] running linear seed=15 ...
   linear/s15 slot 39/170  nmse=2.157
   linear/s15 slot 79/170  nmse=1.939
   linear/s15 slot 119/170  nmse=2.097
   linear/s15 slot 159/170  nmse=2.167
[116/120] linear       s15 nmse=2.4910 gap=0.3112 bits=3.74e+05 ruleR2= (40.5s)
[117/120] running linear seed=16 ...
   linear/s16 slot 39/170  nmse=2.164
   linear/s16 slot 79/170  nmse=1.807
   linear/s16 slot 119/170  nmse=2.183
   linear/s16 slot 159/170  nmse=2.000
[117/120] linear       s16 nmse=1.9971 gap=0.3078 bits=3.74e+05 ruleR2= (41.0s)
[118/120] running linear seed=17 ...
   linear/s17 slot 39/170  nmse=2.281
   linear/s17 slot 79/170  nmse=2.799
   linear/s17 slot 119/170  nmse=2.973
   linear/s17 slot 159/170  nmse=3.082
[118/120] linear       s17 nmse=2.3420 gap=0.3176 bits=3.69e+05 ruleR2= (39.7s)
[119/120] running linear seed=18 ...
   linear/s18 slot 39/170  nmse=2.005
   linear/s18 slot 79/170  nmse=1.682
   linear/s18 slot 119/170  nmse=1.423
   linear/s18 slot 159/170  nmse=1.561
[119/120] linear       s18 nmse=1.3023 gap=0.3012 bits=3.66e+05 ruleR2= (39.4s)
[120/120] running linear seed=19 ...
   linear/s19 slot 39/170  nmse=1.829
   linear/s19 slot 79/170  nmse=1.661
   linear/s19 slot 119/170  nmse=2.117
   linear/s19 slot 159/170  nmse=2.063
[120/120] linear       s19 nmse=2.1406 gap=0.2817 bits=3.56e+05 ruleR2= (40.0s)

=== summary (mean +/- std) ===
fedkan_opt   nmse=0.0523+/-0.0126 gap=0.0201 bits=1.66e+07
kan_full     nmse=0.0407+/-0.0116 gap=0.0102 bits=3.31e+07
kan_evolve   nmse=0.0477+/-0.0142 gap=0.0186 bits=2.12e+07
mlp          nmse=0.0734+/-0.0404 gap=0.0222 bits=3.32e+07
mlp_prox     nmse=0.0777+/-0.0351 gap=0.0206 bits=3.32e+07
linear       nmse=2.2911+/-0.5349 gap=0.3029 bits=3.68e+05

wrote results/opt.csv
---- [2/3] depth studies (generalization/pareto/scaling/capacity) ----
   [generalization] seed 1/10
   [generalization] seed 2/10
   [generalization] seed 3/10
   [generalization] seed 4/10
   [generalization] seed 5/10
   [generalization] seed 6/10
   [generalization] seed 7/10
   [generalization] seed 8/10
   [generalization] seed 9/10
   [generalization] seed 10/10
A generalization: {'kan': (0.003, 0.371), 'mlp': (0.005, 2.549)}
B csi done
   [pareto] seed 1/5
   [pareto] seed 2/5
   [pareto] seed 3/5
   [pareto] seed 4/5
   [pareto] seed 5/5
C pareto done
   [scaling] n_nodes=4
   [scaling] n_nodes=8
   [scaling] n_nodes=12
   [scaling] n_nodes=16
   [scaling] n_nodes=20
D scaling done
   [capacity] grid=3
   [capacity] grid=5
   [capacity] grid=7
   [capacity] grid=9
   [capacity] grid=12
E capacity: {3: 0.01, 5: 0.004, 7: 0.002, 9: 0.002, 12: 0.001}
ALL STUDIES DONE -> paper/data/
---- [3/3] regenerate figure data ----
wrote summary.dat
wrote ts_fedkan_opt.dat
wrote ts_kan_full.dat
wrote ts_mlp.dat
wrote rule_g.dat  form=linear R2=0.350
wrote rule_I.dat  form=linear R2=0.879
wrote rule_p0.dat  form=linear R2=0.994
DONE
===== DONE @ 03:02:39 =====
Push back: git add results/ paper/data/ && git commit -m 'results: scaled GPU run 20260616_215036' && git push
