===== EvoKAN scaled run @ 20260616_194329 =====
torch 2.5.1+cu121 cuda True
SEEDS=20 NODES=24 SLOTS=30 PASSES=5 SAMP=160 CSI=0.0
---- smoke + tests ----
=== EvoKAN smoke test (LEO EE power-opt surrogate, CPU) ===

[fedkan_opt]  (3.7s)
   avg_gap      = 0.18105709949561577
   final_gap    = 0.11188486513602662
   final_nmse   = 1.6165917436170514
   forgetting   = 1.6030691130899928
   total_bits   = 309248.0
   final_grid   = 4
   params       = 256
   rule_fidelity (mean R2) = 0.948

[kan_full]  (2.5s)
   avg_gap      = 0.13149561817436997
   final_gap    = 0.17939121716569673
   final_nmse   = 1.1156940650262748
   forgetting   = 1.4544399070818521
   total_bits   = 557056.0
   final_grid   = 4
   params       = 256
   rule_fidelity (mean R2) = 0.699

[mlp]  (0.4s)
   avg_gap      = 0.1793263693587001
   final_gap    = 0.053320894360782585
   final_nmse   = 0.446267043445413
   forgetting   = 1.3161020854018157
   total_bits   = 567936.0
   final_grid   = 0
   params       = 261

SMOKE PASS
.....                                                                    [100%]
5 passed in 7.01s
---- [1/3] headline (scaled, multi-seed) ----
